<?xml version="1.0" encoding="UTF-8"?>
<!-- Generated by org.testng.reporters.JUnitReportReporter -->
<testsuite skipped="0" hostname="INW2PC04KMX7" name="scripty.test.consistency.LUIDGeneration" tests="100" failures="0" timestamp="21 Apr 2019 11:57:41 GMT" time="0.800" errors="0">
  <testcase name="f" time="0.005" classname="scripty.test.consistency.LUIDGeneration"/>
  <testcase name="f" time="0.006" classname="scripty.test.consistency.LUIDGeneration"/>
  <testcase name="f" time="0.008" classname="scripty.test.consistency.LUIDGeneration"/>
  <testcase name="f" time="0.009" classname="scripty.test.consistency.LUIDGeneration"/>
  <testcase name="f" time="0.008" classname="scripty.test.consistency.LUIDGeneration"/>
  <testcase name="f" time="0.006" classname="scripty.test.consistency.LUIDGeneration"/>
  <testcase name="f" time="0.005" classname="scripty.test.consistency.LUIDGeneration"/>
  <testcase name="f" time="0.016" classname="scripty.test.consistency.LUIDGeneration"/>
  <testcase name="f" time="0.006" classname="scripty.test.consistency.LUIDGeneration"/>
  <testcase name="f" time="0.009" classname="scripty.test.consistency.LUIDGeneration"/>
  <testcase name="f" time="0.006" classname="scripty.test.consistency.LUIDGeneration"/>
  <testcase name="f" time="0.006" classname="scripty.test.consistency.LUIDGeneration"/>
  <testcase name="f" time="0.006" classname="scripty.test.consistency.LUIDGeneration"/>
  <testcase name="f" time="0.008" classname="scripty.test.consistency.LUIDGeneration"/>
  <testcase name="f" time="0.007" classname="scripty.test.consistency.LUIDGeneration"/>
  <testcase name="f" time="0.007" classname="scripty.test.consistency.LUIDGeneration"/>
  <testcase name="f" time="0.005" classname="scripty.test.consistency.LUIDGeneration"/>
  <testcase name="f" time="0.006" classname="scripty.test.consistency.LUIDGeneration"/>
  <testcase name="f" time="0.006" classname="scripty.test.consistency.LUIDGeneration"/>
  <testcase name="f" time="0.006" classname="scripty.test.consistency.LUIDGeneration"/>
  <testcase name="f" time="0.009" classname="scripty.test.consistency.LUIDGeneration"/>
  <testcase name="f" time="0.040" classname="scripty.test.consistency.LUIDGeneration"/>
  <testcase name="f" time="0.011" classname="scripty.test.consistency.LUIDGeneration"/>
  <testcase name="f" time="0.017" classname="scripty.test.consistency.LUIDGeneration"/>
  <testcase name="f" time="0.020" classname="scripty.test.consistency.LUIDGeneration"/>
  <testcase name="f" time="0.010" classname="scripty.test.consistency.LUIDGeneration"/>
  <testcase name="f" time="0.014" classname="scripty.test.consistency.LUIDGeneration"/>
  <testcase name="f" time="0.006" classname="scripty.test.consistency.LUIDGeneration"/>
  <testcase name="f" time="0.010" classname="scripty.test.consistency.LUIDGeneration"/>
  <testcase name="f" time="0.012" classname="scripty.test.consistency.LUIDGeneration"/>
  <testcase name="f" time="0.008" classname="scripty.test.consistency.LUIDGeneration"/>
  <testcase name="f" time="0.006" classname="scripty.test.consistency.LUIDGeneration"/>
  <testcase name="f" time="0.006" classname="scripty.test.consistency.LUIDGeneration"/>
  <testcase name="f" time="0.008" classname="scripty.test.consistency.LUIDGeneration"/>
  <testcase name="f" time="0.006" classname="scripty.test.consistency.LUIDGeneration"/>
  <testcase name="f" time="0.010" classname="scripty.test.consistency.LUIDGeneration"/>
  <testcase name="f" time="0.006" classname="scripty.test.consistency.LUIDGeneration"/>
  <testcase name="f" time="0.006" classname="scripty.test.consistency.LUIDGeneration"/>
  <testcase name="f" time="0.012" classname="scripty.test.consistency.LUIDGeneration"/>
  <testcase name="f" time="0.009" classname="scripty.test.consistency.LUIDGeneration"/>
  <testcase name="f" time="0.009" classname="scripty.test.consistency.LUIDGeneration"/>
  <testcase name="f" time="0.006" classname="scripty.test.consistency.LUIDGeneration"/>
  <testcase name="f" time="0.006" classname="scripty.test.consistency.LUIDGeneration"/>
  <testcase name="f" time="0.011" classname="scripty.test.consistency.LUIDGeneration"/>
  <testcase name="f" time="0.005" classname="scripty.test.consistency.LUIDGeneration"/>
  <testcase name="f" time="0.007" classname="scripty.test.consistency.LUIDGeneration"/>
  <testcase name="f" time="0.007" classname="scripty.test.consistency.LUIDGeneration"/>
  <testcase name="f" time="0.005" classname="scripty.test.consistency.LUIDGeneration"/>
  <testcase name="f" time="0.006" classname="scripty.test.consistency.LUIDGeneration"/>
  <testcase name="f" time="0.005" classname="scripty.test.consistency.LUIDGeneration"/>
  <testcase name="f" time="0.007" classname="scripty.test.consistency.LUIDGeneration"/>
  <testcase name="f" time="0.007" classname="scripty.test.consistency.LUIDGeneration"/>
  <testcase name="f" time="0.009" classname="scripty.test.consistency.LUIDGeneration"/>
  <testcase name="f" time="0.009" classname="scripty.test.consistency.LUIDGeneration"/>
  <testcase name="f" time="0.006" classname="scripty.test.consistency.LUIDGeneration"/>
  <testcase name="f" time="0.006" classname="scripty.test.consistency.LUIDGeneration"/>
  <testcase name="f" time="0.006" classname="scripty.test.consistency.LUIDGeneration"/>
  <testcase name="f" time="0.006" classname="scripty.test.consistency.LUIDGeneration"/>
  <testcase name="f" time="0.005" classname="scripty.test.consistency.LUIDGeneration"/>
  <testcase name="f" time="0.006" classname="scripty.test.consistency.LUIDGeneration"/>
  <testcase name="f" time="0.007" classname="scripty.test.consistency.LUIDGeneration"/>
  <testcase name="f" time="0.006" classname="scripty.test.consistency.LUIDGeneration"/>
  <testcase name="f" time="0.011" classname="scripty.test.consistency.LUIDGeneration"/>
  <testcase name="f" time="0.007" classname="scripty.test.consistency.LUIDGeneration"/>
  <testcase name="f" time="0.006" classname="scripty.test.consistency.LUIDGeneration"/>
  <testcase name="f" time="0.006" classname="scripty.test.consistency.LUIDGeneration"/>
  <testcase name="f" time="0.008" classname="scripty.test.consistency.LUIDGeneration"/>
  <testcase name="f" time="0.009" classname="scripty.test.consistency.LUIDGeneration"/>
  <testcase name="f" time="0.006" classname="scripty.test.consistency.LUIDGeneration"/>
  <testcase name="f" time="0.009" classname="scripty.test.consistency.LUIDGeneration"/>
  <testcase name="f" time="0.008" classname="scripty.test.consistency.LUIDGeneration"/>
  <testcase name="f" time="0.013" classname="scripty.test.consistency.LUIDGeneration"/>
  <testcase name="f" time="0.006" classname="scripty.test.consistency.LUIDGeneration"/>
  <testcase name="f" time="0.007" classname="scripty.test.consistency.LUIDGeneration"/>
  <testcase name="f" time="0.006" classname="scripty.test.consistency.LUIDGeneration"/>
  <testcase name="f" time="0.006" classname="scripty.test.consistency.LUIDGeneration"/>
  <testcase name="f" time="0.010" classname="scripty.test.consistency.LUIDGeneration"/>
  <testcase name="f" time="0.010" classname="scripty.test.consistency.LUIDGeneration"/>
  <testcase name="f" time="0.018" classname="scripty.test.consistency.LUIDGeneration"/>
  <testcase name="f" time="0.008" classname="scripty.test.consistency.LUIDGeneration"/>
  <testcase name="f" time="0.009" classname="scripty.test.consistency.LUIDGeneration"/>
  <testcase name="f" time="0.005" classname="scripty.test.consistency.LUIDGeneration"/>
  <testcase name="f" time="0.006" classname="scripty.test.consistency.LUIDGeneration"/>
  <testcase name="f" time="0.006" classname="scripty.test.consistency.LUIDGeneration"/>
  <testcase name="f" time="0.010" classname="scripty.test.consistency.LUIDGeneration"/>
  <testcase name="f" time="0.006" classname="scripty.test.consistency.LUIDGeneration"/>
  <testcase name="f" time="0.009" classname="scripty.test.consistency.LUIDGeneration"/>
  <testcase name="f" time="0.006" classname="scripty.test.consistency.LUIDGeneration"/>
  <testcase name="f" time="0.009" classname="scripty.test.consistency.LUIDGeneration"/>
  <testcase name="f" time="0.006" classname="scripty.test.consistency.LUIDGeneration"/>
  <testcase name="f" time="0.007" classname="scripty.test.consistency.LUIDGeneration"/>
  <testcase name="f" time="0.005" classname="scripty.test.consistency.LUIDGeneration"/>
  <testcase name="f" time="0.005" classname="scripty.test.consistency.LUIDGeneration"/>
  <testcase name="f" time="0.005" classname="scripty.test.consistency.LUIDGeneration"/>
  <testcase name="f" time="0.008" classname="scripty.test.consistency.LUIDGeneration"/>
  <testcase name="f" time="0.007" classname="scripty.test.consistency.LUIDGeneration"/>
  <testcase name="f" time="0.007" classname="scripty.test.consistency.LUIDGeneration"/>
  <testcase name="f" time="0.004" classname="scripty.test.consistency.LUIDGeneration"/>
  <testcase name="f" time="0.006" classname="scripty.test.consistency.LUIDGeneration"/>
  <testcase name="f" time="0.006" classname="scripty.test.consistency.LUIDGeneration"/>
</testsuite> <!-- scripty.test.consistency.LUIDGeneration -->
