<?xml version="1.0" encoding="UTF-8"?>
<!-- Generated by org.testng.reporters.JUnitReportReporter -->
<testsuite skipped="0" hostname="INW2PC04KMX7" name="scripty.test.concurrency.LUIDGenerationTest" tests="100" failures="0" timestamp="20 Apr 2019 14:17:02 GMT" time="0.869" errors="0">
  <testcase name="f" time="0.022" classname="scripty.test.concurrency.LUIDGenerationTest"/>
  <testcase name="f" time="0.046" classname="scripty.test.concurrency.LUIDGenerationTest"/>
  <testcase name="f" time="0.005" classname="scripty.test.concurrency.LUIDGenerationTest"/>
  <testcase name="f" time="0.005" classname="scripty.test.concurrency.LUIDGenerationTest"/>
  <testcase name="f" time="0.001" classname="scripty.test.concurrency.LUIDGenerationTest"/>
  <testcase name="f" time="0.004" classname="scripty.test.concurrency.LUIDGenerationTest"/>
  <testcase name="f" time="0.006" classname="scripty.test.concurrency.LUIDGenerationTest"/>
  <testcase name="f" time="0.002" classname="scripty.test.concurrency.LUIDGenerationTest"/>
  <testcase name="f" time="0.012" classname="scripty.test.concurrency.LUIDGenerationTest"/>
  <testcase name="f" time="0.003" classname="scripty.test.concurrency.LUIDGenerationTest"/>
  <testcase name="f" time="0.005" classname="scripty.test.concurrency.LUIDGenerationTest"/>
  <testcase name="f" time="0.001" classname="scripty.test.concurrency.LUIDGenerationTest"/>
  <testcase name="f" time="0.005" classname="scripty.test.concurrency.LUIDGenerationTest"/>
  <testcase name="f" time="0.035" classname="scripty.test.concurrency.LUIDGenerationTest"/>
  <testcase name="f" time="0.001" classname="scripty.test.concurrency.LUIDGenerationTest"/>
  <testcase name="f" time="0.006" classname="scripty.test.concurrency.LUIDGenerationTest"/>
  <testcase name="f" time="0.003" classname="scripty.test.concurrency.LUIDGenerationTest"/>
  <testcase name="f" time="0.011" classname="scripty.test.concurrency.LUIDGenerationTest"/>
  <testcase name="f" time="0.001" classname="scripty.test.concurrency.LUIDGenerationTest"/>
  <testcase name="f" time="0.001" classname="scripty.test.concurrency.LUIDGenerationTest"/>
  <testcase name="f" time="0.002" classname="scripty.test.concurrency.LUIDGenerationTest"/>
  <testcase name="f" time="0.014" classname="scripty.test.concurrency.LUIDGenerationTest"/>
  <testcase name="f" time="0.010" classname="scripty.test.concurrency.LUIDGenerationTest"/>
  <testcase name="f" time="0.019" classname="scripty.test.concurrency.LUIDGenerationTest"/>
  <testcase name="f" time="0.008" classname="scripty.test.concurrency.LUIDGenerationTest"/>
  <testcase name="f" time="0.012" classname="scripty.test.concurrency.LUIDGenerationTest"/>
  <testcase name="f" time="0.008" classname="scripty.test.concurrency.LUIDGenerationTest"/>
  <testcase name="f" time="0.008" classname="scripty.test.concurrency.LUIDGenerationTest"/>
  <testcase name="f" time="0.010" classname="scripty.test.concurrency.LUIDGenerationTest"/>
  <testcase name="f" time="0.014" classname="scripty.test.concurrency.LUIDGenerationTest"/>
  <testcase name="f" time="0.002" classname="scripty.test.concurrency.LUIDGenerationTest"/>
  <testcase name="f" time="0.025" classname="scripty.test.concurrency.LUIDGenerationTest"/>
  <testcase name="f" time="0.002" classname="scripty.test.concurrency.LUIDGenerationTest"/>
  <testcase name="f" time="0.026" classname="scripty.test.concurrency.LUIDGenerationTest"/>
  <testcase name="f" time="0.003" classname="scripty.test.concurrency.LUIDGenerationTest"/>
  <testcase name="f" time="0.006" classname="scripty.test.concurrency.LUIDGenerationTest"/>
  <testcase name="f" time="0.007" classname="scripty.test.concurrency.LUIDGenerationTest"/>
  <testcase name="f" time="0.034" classname="scripty.test.concurrency.LUIDGenerationTest"/>
  <testcase name="f" time="0.005" classname="scripty.test.concurrency.LUIDGenerationTest"/>
  <testcase name="f" time="0.003" classname="scripty.test.concurrency.LUIDGenerationTest"/>
  <testcase name="f" time="0.007" classname="scripty.test.concurrency.LUIDGenerationTest"/>
  <testcase name="f" time="0.042" classname="scripty.test.concurrency.LUIDGenerationTest"/>
  <testcase name="f" time="0.002" classname="scripty.test.concurrency.LUIDGenerationTest"/>
  <testcase name="f" time="0.014" classname="scripty.test.concurrency.LUIDGenerationTest"/>
  <testcase name="f" time="0.001" classname="scripty.test.concurrency.LUIDGenerationTest"/>
  <testcase name="f" time="0.004" classname="scripty.test.concurrency.LUIDGenerationTest"/>
  <testcase name="f" time="0.010" classname="scripty.test.concurrency.LUIDGenerationTest"/>
  <testcase name="f" time="0.012" classname="scripty.test.concurrency.LUIDGenerationTest"/>
  <testcase name="f" time="0.002" classname="scripty.test.concurrency.LUIDGenerationTest"/>
  <testcase name="f" time="0.003" classname="scripty.test.concurrency.LUIDGenerationTest"/>
  <testcase name="f" time="0.008" classname="scripty.test.concurrency.LUIDGenerationTest"/>
  <testcase name="f" time="0.002" classname="scripty.test.concurrency.LUIDGenerationTest"/>
  <testcase name="f" time="0.019" classname="scripty.test.concurrency.LUIDGenerationTest"/>
  <testcase name="f" time="0.005" classname="scripty.test.concurrency.LUIDGenerationTest"/>
  <testcase name="f" time="0.002" classname="scripty.test.concurrency.LUIDGenerationTest"/>
  <testcase name="f" time="0.002" classname="scripty.test.concurrency.LUIDGenerationTest"/>
  <testcase name="f" time="0.004" classname="scripty.test.concurrency.LUIDGenerationTest"/>
  <testcase name="f" time="0.002" classname="scripty.test.concurrency.LUIDGenerationTest"/>
  <testcase name="f" time="0.007" classname="scripty.test.concurrency.LUIDGenerationTest"/>
  <testcase name="f" time="0.008" classname="scripty.test.concurrency.LUIDGenerationTest"/>
  <testcase name="f" time="0.010" classname="scripty.test.concurrency.LUIDGenerationTest"/>
  <testcase name="f" time="0.004" classname="scripty.test.concurrency.LUIDGenerationTest"/>
  <testcase name="f" time="0.004" classname="scripty.test.concurrency.LUIDGenerationTest"/>
  <testcase name="f" time="0.006" classname="scripty.test.concurrency.LUIDGenerationTest"/>
  <testcase name="f" time="0.011" classname="scripty.test.concurrency.LUIDGenerationTest"/>
  <testcase name="f" time="0.001" classname="scripty.test.concurrency.LUIDGenerationTest"/>
  <testcase name="f" time="0.007" classname="scripty.test.concurrency.LUIDGenerationTest"/>
  <testcase name="f" time="0.002" classname="scripty.test.concurrency.LUIDGenerationTest"/>
  <testcase name="f" time="0.003" classname="scripty.test.concurrency.LUIDGenerationTest"/>
  <testcase name="f" time="0.005" classname="scripty.test.concurrency.LUIDGenerationTest"/>
  <testcase name="f" time="0.005" classname="scripty.test.concurrency.LUIDGenerationTest"/>
  <testcase name="f" time="0.031" classname="scripty.test.concurrency.LUIDGenerationTest"/>
  <testcase name="f" time="0.007" classname="scripty.test.concurrency.LUIDGenerationTest"/>
  <testcase name="f" time="0.004" classname="scripty.test.concurrency.LUIDGenerationTest"/>
  <testcase name="f" time="0.036" classname="scripty.test.concurrency.LUIDGenerationTest"/>
  <testcase name="f" time="0.016" classname="scripty.test.concurrency.LUIDGenerationTest"/>
  <testcase name="f" time="0.012" classname="scripty.test.concurrency.LUIDGenerationTest"/>
  <testcase name="f" time="0.001" classname="scripty.test.concurrency.LUIDGenerationTest"/>
  <testcase name="f" time="0.001" classname="scripty.test.concurrency.LUIDGenerationTest"/>
  <testcase name="f" time="0.001" classname="scripty.test.concurrency.LUIDGenerationTest"/>
  <testcase name="f" time="0.002" classname="scripty.test.concurrency.LUIDGenerationTest"/>
  <testcase name="f" time="0.006" classname="scripty.test.concurrency.LUIDGenerationTest"/>
  <testcase name="f" time="0.003" classname="scripty.test.concurrency.LUIDGenerationTest"/>
  <testcase name="f" time="0.003" classname="scripty.test.concurrency.LUIDGenerationTest"/>
  <testcase name="f" time="0.004" classname="scripty.test.concurrency.LUIDGenerationTest"/>
  <testcase name="f" time="0.004" classname="scripty.test.concurrency.LUIDGenerationTest"/>
  <testcase name="f" time="0.009" classname="scripty.test.concurrency.LUIDGenerationTest"/>
  <testcase name="f" time="0.002" classname="scripty.test.concurrency.LUIDGenerationTest"/>
  <testcase name="f" time="0.011" classname="scripty.test.concurrency.LUIDGenerationTest"/>
  <testcase name="f" time="0.010" classname="scripty.test.concurrency.LUIDGenerationTest"/>
  <testcase name="f" time="0.007" classname="scripty.test.concurrency.LUIDGenerationTest"/>
  <testcase name="f" time="0.004" classname="scripty.test.concurrency.LUIDGenerationTest"/>
  <testcase name="f" time="0.017" classname="scripty.test.concurrency.LUIDGenerationTest"/>
  <testcase name="f" time="0.006" classname="scripty.test.concurrency.LUIDGenerationTest"/>
  <testcase name="f" time="0.020" classname="scripty.test.concurrency.LUIDGenerationTest"/>
  <testcase name="f" time="0.010" classname="scripty.test.concurrency.LUIDGenerationTest"/>
  <testcase name="f" time="0.014" classname="scripty.test.concurrency.LUIDGenerationTest"/>
  <testcase name="f" time="0.012" classname="scripty.test.concurrency.LUIDGenerationTest"/>
  <testcase name="f" time="0.007" classname="scripty.test.concurrency.LUIDGenerationTest"/>
  <testcase name="f" time="0.002" classname="scripty.test.concurrency.LUIDGenerationTest"/>
</testsuite> <!-- scripty.test.concurrency.LUIDGenerationTest -->
